<?xml version="1.0" encoding="UTF-8"?>
<!-- Generated by org.testng.reporters.JUnitXMLReporter -->
<testsuite ignored="3" hostname="192.168.1.10" failures="0" tests="1" name="Default test" time="19.547" errors="0" timestamp="12 Jun 2022 07:33:01 GMT">
  <testcase classname="webAutomation.portofolio.negative_case.AddAddress" name="user_add_address_with_postalCode_exceed_maximum_character" time="12.316"/>
  <testcase classname="webAutomation.portofolio.negative_case.AddAddress" name="user_add_address_with_postalCode_below_minimum_character" time="0.0">
    <ignored/>
  </testcase> <!-- user_add_address_with_postalCode_below_minimum_character -->
  <testcase classname="webAutomation.portofolio.negative_case.AddAddress" name="user_add_address_with_alphabetical_postalCode" time="0.0">
    <ignored/>
  </testcase> <!-- user_add_address_with_alphabetical_postalCode -->
  <testcase classname="webAutomation.portofolio.negative_case.AddAddress" name="user_add_address_without_input_mandatory_fields" time="0.0">
    <ignored/>
  </testcase> <!-- user_add_address_without_input_mandatory_fields -->
</testsuite> <!-- Default test -->
