<?xml version="1.0" encoding="UTF-8"?>
<!-- Generated by org.testng.reporters.JUnitXMLReporter -->
<testsuite ignored="0" hostname="192.168.1.10" failures="2" tests="16" name="Test" time="92.501" errors="0" timestamp="12 Jun 2022 07:08:08 GMT">
  <testcase classname="webAutomation.portofolio.positive_case.Login" name="login_user" time="6.543"/>
  <testcase classname="webAutomation.portofolio.positive_case.Register" name="register_user" time="7.678"/>
  <testcase classname="webAutomation.portofolio.positive_case.AddAddress" name="user_add_address" time="10.121"/>
  <testcase classname="webAutomation.portofolio.negative_case.AddAddress" name="user_add_address_with_alphabetical_postalCode" time="10.6">
    <failure type="java.lang.AssertionError">
      <![CDATA[java.lang.AssertionError: 
at webAutomation.portofolio.negative_case.AddAddress.user_add_address_with_alphabetical_postalCode(AddAddress.java:176)
at java.base/java.util.concurrent.ThreadPoolExecutor.runWorker(ThreadPoolExecutor.java:1136)
at java.base/java.util.concurrent.ThreadPoolExecutor$Worker.run(ThreadPoolExecutor.java:635)
at java.base/java.lang.Thread.run(Thread.java:833)
... Removed 13 stack frames]]>
    </failure>
  </testcase> <!-- user_add_address_with_alphabetical_postalCode -->
  <testcase classname="webAutomation.portofolio.negative_case.AddAddress" name="user_add_address_with_postalCode_below_minimum_character" time="10.612"/>
  <testcase classname="webAutomation.portofolio.negative_case.AddAddress" name="user_add_address_with_postalCode_exceed_maximum_character" time="12.395"/>
  <testcase classname="webAutomation.portofolio.negative_case.Login" name="login_user_with_unregistered_user" time="6.149"/>
  <testcase classname="webAutomation.portofolio.negative_case.Register" name="register_user_with_different_confirm_password" time="7.358">
    <failure type="java.lang.AssertionError" message="expected [true] but found [false]">
      <![CDATA[java.lang.AssertionError: expected [true] but found [false]
at webAutomation.portofolio.negative_case.Register.register_user_with_different_confirm_password(Register.java:44)
at java.base/java.util.concurrent.ThreadPoolExecutor.runWorker(ThreadPoolExecutor.java:1136)
at java.base/java.util.concurrent.ThreadPoolExecutor$Worker.run(ThreadPoolExecutor.java:635)
at java.base/java.lang.Thread.run(Thread.java:833)
... Removed 14 stack frames]]>
    </failure>
  </testcase> <!-- register_user_with_different_confirm_password -->
  <testcase classname="webAutomation.portofolio.negative_case.Login" name="login_user_with_wrong_password" time="8.818"/>
  <testcase classname="webAutomation.portofolio.negative_case.AddAddress" name="user_add_address_without_input_mandatory_fields" time="12.182"/>
  <testcase classname="webAutomation.portofolio.negative_case.Register" name="register_user_with_password_below_minimum_characters" time="7.887"/>
  <testcase classname="webAutomation.portofolio.negative_case.Register" name="register_user_with_telephone_below_minimum_characters" time="7.983"/>
  <testcase classname="webAutomation.portofolio.negative_case.Register" name="register_user_with_registered_mail" time="7.815"/>
  <testcase classname="webAutomation.portofolio.negative_case.Register" name="register_user_with_exceed_character_maximum_first_name" time="7.993"/>
  <testcase classname="webAutomation.portofolio.negative_case.Register" name="register_user_without_check_terms_condition" time="6.617"/>
  <testcase classname="webAutomation.portofolio.negative_case.Register" name="register_user_without_input_first_name" time="6.444"/>
</testsuite> <!-- Test -->
