<?xml version="1.0" encoding="UTF-8"?>
<!-- Generated by org.testng.reporters.JUnitXMLReporter -->
<testsuite ignored="0" hostname="192.168.1.10" failures="2" tests="17" name="Test" time="102.035" errors="0" timestamp="12 Jun 2022 09:50:24 GMT">
  <testcase classname="webAutomation.portofolio.positive_case.Login" name="login_user" time="5.683"/>
  <testcase classname="webAutomation.portofolio.positive_case.Register" name="register_user" time="6.71"/>
  <testcase classname="webAutomation.portofolio.negative_case.AddAddress" name="user_add_address_with_alphabetical_postalCode" time="8.645">
    <failure type="java.lang.AssertionError">
      <![CDATA[java.lang.AssertionError: 
at webAutomation.portofolio.negative_case.AddAddress.user_add_address_with_alphabetical_postalCode(AddAddress.java:176)
at java.base/java.util.concurrent.ThreadPoolExecutor.runWorker(ThreadPoolExecutor.java:1136)
at java.base/java.util.concurrent.ThreadPoolExecutor$Worker.run(ThreadPoolExecutor.java:635)
at java.base/java.lang.Thread.run(Thread.java:833)
... Removed 13 stack frames]]>
    </failure>
  </testcase> <!-- user_add_address_with_alphabetical_postalCode -->
  <testcase classname="webAutomation.portofolio.positive_case.AddAddress" name="user_add_address" time="8.581"/>
  <testcase classname="webAutomation.portofolio.negative_case.AddAddress" name="user_add_address_without_input_mandatory_fields" time="8.65"/>
  <testcase classname="webAutomation.portofolio.negative_case.AddAddress" name="user_add_address_with_postalCode_exceed_maximum_character" time="9.015"/>
  <testcase classname="webAutomation.portofolio.negative_case.AddAddress" name="user_add_address_with_postalCode_below_minimum_character" time="9.019"/>
  <testcase classname="webAutomation.portofolio.negative_case.Login" name="login_user_with_unregistered_user" time="4.784"/>
  <testcase classname="webAutomation.portofolio.negative_case.Login" name="login_user_with_wrong_password" time="5.249"/>
  <testcase classname="webAutomation.portofolio.negative_case.Login" name="login_user_with_exceed_login_number_attempt" time="14.064"/>
  <testcase classname="webAutomation.portofolio.negative_case.Register" name="register_user_with_registered_mail" time="6.836"/>
  <testcase classname="webAutomation.portofolio.negative_case.Register" name="register_user_with_exceed_character_maximum_first_name" time="6.855"/>
  <testcase classname="webAutomation.portofolio.negative_case.Register" name="register_user_with_password_below_minimum_characters" time="6.705"/>
  <testcase classname="webAutomation.portofolio.negative_case.Register" name="register_user_with_different_confirm_password" time="6.741">
    <failure type="java.lang.AssertionError" message="expected [true] but found [false]">
      <![CDATA[java.lang.AssertionError: expected [true] but found [false]
at webAutomation.portofolio.negative_case.Register.register_user_with_different_confirm_password(Register.java:44)
at java.base/java.util.concurrent.ThreadPoolExecutor.runWorker(ThreadPoolExecutor.java:1136)
at java.base/java.util.concurrent.ThreadPoolExecutor$Worker.run(ThreadPoolExecutor.java:635)
at java.base/java.lang.Thread.run(Thread.java:833)
... Removed 14 stack frames]]>
    </failure>
  </testcase> <!-- register_user_with_different_confirm_password -->
  <testcase classname="webAutomation.portofolio.negative_case.Register" name="register_user_with_telephone_below_minimum_characters" time="6.01"/>
  <testcase classname="webAutomation.portofolio.negative_case.Register" name="register_user_without_check_terms_condition" time="6.165"/>
  <testcase classname="webAutomation.portofolio.negative_case.Register" name="register_user_without_input_first_name" time="6.196"/>
</testsuite> <!-- Test -->
