<?xml version="1.0" encoding="UTF-8"?>
<testsuite xmlns:xsi="http://www.w3.org/2001/XMLSchema-instance" xsi:schemaLocation="https://maven.apache.org/surefire/maven-surefire-plugin/xsd/surefire-test-report.xsd" name="TestSuite" time="103.339" tests="17" errors="0" skipped="0" failures="2">
  <properties>
[...]
</properties>
  <testcase name="login_user" classname="webAutomation.portofolio.positive_case.Login" time="5.116"/>
  <testcase name="register_user" classname="webAutomation.portofolio.positive_case.Register" time="5.831"/>
  <testcase name="user_add_address_with_alphabetical_postalCode" classname="webAutomation.portofolio.negative_case.AddAddress" time="8.308">
    <failure type="java.lang.AssertionError:">java.lang.AssertionError: 
	at webAutomation.portofolio.negative_case.AddAddress.user_add_address_with_alphabetical_postalCode(AddAddress.java:176)
</failure>
  </testcase>
  <testcase name="user_add_address" classname="webAutomation.portofolio.positive_case.AddAddress" time="8.581"/>
  <testcase name="user_add_address_without_input_mandatory_fields" classname="webAutomation.portofolio.negative_case.AddAddress" time="8.539"/>
  <testcase name="user_add_address_with_postalCode_exceed_maximum_character" classname="webAutomation.portofolio.negative_case.AddAddress" time="8.988"/>
  <testcase name="user_add_address_with_postalCode_below_minimum_character" classname="webAutomation.portofolio.negative_case.AddAddress" time="9.018"/>
  <testcase name="login_user_with_unregistered_user" classname="webAutomation.portofolio.negative_case.Login" time="4.709"/>
  <testcase name="login_user_with_wrong_password" classname="webAutomation.portofolio.negative_case.Login" time="5.249"/>
  <testcase name="login_user_with_exceed_login_number_attempt" classname="webAutomation.portofolio.negative_case.Login" time="14.008"/>
  <testcase name="register_user_with_registered_mail" classname="webAutomation.portofolio.negative_case.Register" time="6.116"/>
  <testcase name="register_user_with_exceed_character_maximum_first_name" classname="webAutomation.portofolio.negative_case.Register" time="6.602"/>
  <testcase name="register_user_with_password_below_minimum_characters" classname="webAutomation.portofolio.negative_case.Register" time="6.686"/>
  <testcase name="register_user_with_different_confirm_password" classname="webAutomation.portofolio.negative_case.Register" time="6.741">
    <failure message="expected [true] but found [false]" type="java.lang.AssertionError">java.lang.AssertionError: expected [true] but found [false]
	at webAutomation.portofolio.negative_case.Register.register_user_with_different_confirm_password(Register.java:44)
</failure>
  </testcase>
  <testcase name="register_user_with_telephone_below_minimum_characters" classname="webAutomation.portofolio.negative_case.Register" time="5.85"/>
  <testcase name="register_user_without_check_terms_condition" classname="webAutomation.portofolio.negative_case.Register" time="6.013"/>
  <testcase name="register_user_without_input_first_name" classname="webAutomation.portofolio.negative_case.Register" time="6.195"/>
</testsuite>