<?xml version="1.0" encoding="UTF-8"?>
<testsuite xmlns:xsi="http://www.w3.org/2001/XMLSchema-instance" xsi:schemaLocation="https://maven.apache.org/surefire/maven-surefire-plugin/xsd/surefire-test-report.xsd" name="TestSuite" time="103.339" tests="17" errors="0" skipped="0" failures="2">
  <properties>
    <property name="java.runtime.name" value="Java(TM) SE Runtime Environment"/>
    <property name="java.vm.version" value="17.0.1+12-LTS-39"/>
    <property name="sun.boot.library.path" value="/Library/Java/JavaVirtualMachines/jdk-17.0.1.jdk/Contents/Home/lib"/>
    <property name="maven.multiModuleProjectDirectory" value="/Users/macbook/eclipse-workspace/portofolio"/>
    <property name="java.vm.vendor" value="Oracle Corporation"/>
    <property name="java.vendor.url" value="https://java.oracle.com/"/>
    <property name="guice.disable.misplaced.annotation.check" value="true"/>
    <property name="path.separator" value=":"/>
    <property name="java.vm.name" value="Java HotSpot(TM) 64-Bit Server VM"/>
    <property name="user.country" value="ID"/>
    <property name="sun.java.launcher" value="SUN_STANDARD"/>
    <property name="java.vm.specification.name" value="Java Virtual Machine Specification"/>
    <property name="user.dir" value="/Users/macbook/eclipse-workspace/portofolio"/>
    <property name="java.vm.compressedOopsMode" value="Zero based"/>
    <property name="java.runtime.version" value="17.0.1+12-LTS-39"/>
    <property name="os.arch" value="x86_64"/>
    <property name="java.io.tmpdir" value="/var/folders/s7/1f4d8wmn1v399xkp1mqb2bn80000gn/T/"/>
    <property name="line.separator" value="&#10;"/>
    <property name="java.vm.specification.vendor" value="Oracle Corporation"/>
    <property name="os.name" value="Mac OS X"/>
    <property name="suiteXmlFile" value="testSuite.xml"/>
    <property name="classworlds.conf" value="/Users/macbook/apache-maven-3.8.4/bin/m2.conf"/>
    <property name="sun.jnu.encoding" value="UTF-8"/>
    <property name="java.library.path" value="/Users/macbook/Library/Java/Extensions:/Library/Java/Extensions:/Network/Library/Java/Extensions:/System/Library/Java/Extensions:/usr/lib/java:."/>
    <property name="maven.conf" value="/Users/macbook/apache-maven-3.8.4/conf"/>
    <property name="jdk.debug" value="release"/>
    <property name="java.class.version" value="61.0"/>
    <property name="java.specification.name" value="Java Platform API Specification"/>
    <property name="sun.management.compiler" value="HotSpot 64-Bit Tiered Compilers"/>
    <property name="os.version" value="10.14.6"/>
    <property name="library.jansi.path" value="/Users/macbook/apache-maven-3.8.4/lib/jansi-native"/>
    <property name="http.nonProxyHosts" value="local|*.local|169.254/16|*.169.254/16"/>
    <property name="user.home" value="/Users/macbook"/>
    <property name="user.timezone" value="Asia/Jakarta"/>
    <property name="file.encoding" value="UTF-8"/>
    <property name="java.specification.version" value="17"/>
    <property name="user.name" value="macbook"/>
    <property name="java.class.path" value="/Users/macbook/apache-maven-3.8.4/boot/plexus-classworlds-2.6.0.jar"/>
    <property name="java.vm.specification.version" value="17"/>
    <property name="sun.arch.data.model" value="64"/>
    <property name="sun.java.command" value="org.codehaus.plexus.classworlds.launcher.Launcher clean test -DsuiteXmlFile=testSuite.xml"/>
    <property name="java.home" value="/Library/Java/JavaVirtualMachines/jdk-17.0.1.jdk/Contents/Home"/>
    <property name="user.language" value="en"/>
    <property name="java.specification.vendor" value="Oracle Corporation"/>
    <property name="java.vm.info" value="mixed mode, sharing"/>
    <property name="java.version" value="17.0.1"/>
    <property name="native.encoding" value="UTF-8"/>
    <property name="java.vendor" value="Oracle Corporation"/>
    <property name="sun.stderr.encoding" value="UTF-8"/>
    <property name="maven.home" value="/Users/macbook/apache-maven-3.8.4"/>
    <property name="file.separator" value="/"/>
    <property name="java.version.date" value="2021-10-19"/>
    <property name="java.vendor.url.bug" value="https://bugreport.java.com/bugreport/"/>
    <property name="sun.io.unicode.encoding" value="UnicodeBig"/>
    <property name="sun.cpu.endian" value="little"/>
    <property name="sun.stdout.encoding" value="UTF-8"/>
    <property name="socksNonProxyHosts" value="local|*.local|169.254/16|*.169.254/16"/>
    <property name="ftp.nonProxyHosts" value="local|*.local|169.254/16|*.169.254/16"/>
  </properties>
  <testcase name="login_user" classname="webAutomation.portofolio.positive_case.Login" time="5.116"/>
  <testcase name="register_user" classname="webAutomation.portofolio.positive_case.Register" time="5.831"/>
  <testcase name="user_add_address_with_alphabetical_postalCode" classname="webAutomation.portofolio.negative_case.AddAddress" time="8.308">
    <failure type="java.lang.AssertionError:">java.lang.AssertionError: 
	at webAutomation.portofolio.negative_case.AddAddress.user_add_address_with_alphabetical_postalCode(AddAddress.java:176)
</failure>
  </testcase>
  <testcase name="user_add_address" classname="webAutomation.portofolio.positive_case.AddAddress" time="8.581"/>
  <testcase name="user_add_address_without_input_mandatory_fields" classname="webAutomation.portofolio.negative_case.AddAddress" time="8.539"/>
  <testcase name="user_add_address_with_postalCode_exceed_maximum_character" classname="webAutomation.portofolio.negative_case.AddAddress" time="8.988"/>
  <testcase name="user_add_address_with_postalCode_below_minimum_character" classname="webAutomation.portofolio.negative_case.AddAddress" time="9.018"/>
  <testcase name="login_user_with_unregistered_user" classname="webAutomation.portofolio.negative_case.Login" time="4.709"/>
  <testcase name="login_user_with_wrong_password" classname="webAutomation.portofolio.negative_case.Login" time="5.249"/>
  <testcase name="login_user_with_exceed_login_number_attempt" classname="webAutomation.portofolio.negative_case.Login" time="14.008"/>
  <testcase name="register_user_with_registered_mail" classname="webAutomation.portofolio.negative_case.Register" time="6.116"/>
  <testcase name="register_user_with_exceed_character_maximum_first_name" classname="webAutomation.portofolio.negative_case.Register" time="6.602"/>
  <testcase name="register_user_with_password_below_minimum_characters" classname="webAutomation.portofolio.negative_case.Register" time="6.686"/>
  <testcase name="register_user_with_different_confirm_password" classname="webAutomation.portofolio.negative_case.Register" time="6.741">
    <failure message="expected [true] but found [false]" type="java.lang.AssertionError">java.lang.AssertionError: expected [true] but found [false]
	at webAutomation.portofolio.negative_case.Register.register_user_with_different_confirm_password(Register.java:44)
</failure>
  </testcase>
  <testcase name="register_user_with_telephone_below_minimum_characters" classname="webAutomation.portofolio.negative_case.Register" time="5.85"/>
  <testcase name="register_user_without_check_terms_condition" classname="webAutomation.portofolio.negative_case.Register" time="6.013"/>
  <testcase name="register_user_without_input_first_name" classname="webAutomation.portofolio.negative_case.Register" time="6.195"/>
</testsuite>