-------------------------------------------------------------------------------
Test set: TestSuite
-------------------------------------------------------------------------------
Tests run: 17, Failures: 2, Errors: 0, Skipped: 0, Time elapsed: 103.339 sec <<< FAILURE! - in TestSuite
user_add_address_with_alphabetical_postalCode(webAutomation.portofolio.negative_case.AddAddress)  Time elapsed: 8.308 sec  <<< FAILURE!
java.lang.AssertionError: 
	at webAutomation.portofolio.negative_case.AddAddress.user_add_address_with_alphabetical_postalCode(AddAddress.java:176)

register_user_with_different_confirm_password(webAutomation.portofolio.negative_case.Register)  Time elapsed: 6.741 sec  <<< FAILURE!
java.lang.AssertionError: expected [true] but found [false]
	at webAutomation.portofolio.negative_case.Register.register_user_with_different_confirm_password(Register.java:44)

