<?xml version="1.0" encoding="UTF-8"?>
<testng-results ignored="0" total="17" passed="15" failed="2" skipped="0">
  <reporter-output>
  </reporter-output>
  <suite started-at="2022-06-12T09:48:42Z" name="Suite" finished-at="2022-06-12T09:50:24Z" duration-ms="102035">
    <groups>
    </groups>
    <test started-at="2022-06-12T09:48:42Z" name="Test" finished-at="2022-06-12T09:50:24Z" duration-ms="102035">
      <class name="webAutomation.portofolio.negative_case.AddAddress">
        <test-method is-config="true" signature="createChromeDriver()[pri:0, instance:webAutomation.portofolio.negative_case.AddAddress@5717c37]" started-at="2022-06-12T09:48:42Z" name="createChromeDriver" finished-at="2022-06-12T09:48:51Z" duration-ms="8953" status="PASS">
          <reporter-output>
          </reporter-output>
        </test-method> <!-- createChromeDriver -->
        <test-method signature="user_add_address_with_alphabetical_postalCode()[pri:0, instance:webAutomation.portofolio.negative_case.AddAddress@5717c37]" started-at="2022-06-12T09:48:51Z" name="user_add_address_with_alphabetical_postalCode" finished-at="2022-06-12T09:49:00Z" duration-ms="8645" status="FAIL">
          <exception class="java.lang.AssertionError">
            <full-stacktrace>
              <![CDATA[java.lang.AssertionError: 
at org.testng.AssertJUnit.fail(AssertJUnit.java:59)
at org.testng.AssertJUnit.assertTrue(AssertJUnit.java:24)
at org.testng.AssertJUnit.assertTrue(AssertJUnit.java:33)
at webAutomation.portofolio.negative_case.AddAddress.user_add_address_with_alphabetical_postalCode(AddAddress.java:176)
at java.base/jdk.internal.reflect.NativeMethodAccessorImpl.invoke0(Native Method)
at java.base/jdk.internal.reflect.NativeMethodAccessorImpl.invoke(NativeMethodAccessorImpl.java:77)
at java.base/jdk.internal.reflect.DelegatingMethodAccessorImpl.invoke(DelegatingMethodAccessorImpl.java:43)
at java.base/java.lang.reflect.Method.invoke(Method.java:568)
at org.testng.internal.MethodInvocationHelper.invokeMethod(MethodInvocationHelper.java:124)
at org.testng.internal.Invoker.invokeMethod(Invoker.java:583)
at org.testng.internal.Invoker.invokeTestMethod(Invoker.java:719)
at org.testng.internal.Invoker.invokeTestMethods(Invoker.java:989)
at org.testng.internal.TestMethodWorker.invokeTestMethods(TestMethodWorker.java:125)
at org.testng.internal.TestMethodWorker.run(TestMethodWorker.java:109)
at java.base/java.util.concurrent.ThreadPoolExecutor.runWorker(ThreadPoolExecutor.java:1136)
at java.base/java.util.concurrent.ThreadPoolExecutor$Worker.run(ThreadPoolExecutor.java:635)
at java.base/java.lang.Thread.run(Thread.java:833)
]]>
            </full-stacktrace>
          </exception> <!-- java.lang.AssertionError -->
          <reporter-output>
          </reporter-output>
        </test-method> <!-- user_add_address_with_alphabetical_postalCode -->
        <test-method is-config="true" signature="quitChromeDriver()[pri:0, instance:webAutomation.portofolio.negative_case.AddAddress@5717c37]" started-at="2022-06-12T09:49:00Z" name="quitChromeDriver" finished-at="2022-06-12T09:49:03Z" duration-ms="3468" status="PASS">
          <reporter-output>
          </reporter-output>
        </test-method> <!-- quitChromeDriver -->
        <test-method is-config="true" signature="createChromeDriver()[pri:0, instance:webAutomation.portofolio.negative_case.AddAddress@5717c37]" started-at="2022-06-12T09:49:03Z" name="createChromeDriver" finished-at="2022-06-12T09:49:07Z" duration-ms="4096" status="PASS">
          <reporter-output>
          </reporter-output>
        </test-method> <!-- createChromeDriver -->
        <test-method is-config="true" signature="createChromeDriver()[pri:0, instance:webAutomation.portofolio.negative_case.AddAddress@5717c37]" started-at="2022-06-12T09:49:03Z" name="createChromeDriver" finished-at="2022-06-12T09:49:07Z" duration-ms="4010" status="PASS">
          <reporter-output>
          </reporter-output>
        </test-method> <!-- createChromeDriver -->
        <test-method is-config="true" signature="createChromeDriver()[pri:0, instance:webAutomation.portofolio.negative_case.AddAddress@5717c37]" started-at="2022-06-12T09:49:03Z" name="createChromeDriver" finished-at="2022-06-12T09:49:07Z" duration-ms="3868" status="PASS">
          <reporter-output>
          </reporter-output>
        </test-method> <!-- createChromeDriver -->
        <test-method signature="user_add_address_without_input_mandatory_fields()[pri:0, instance:webAutomation.portofolio.negative_case.AddAddress@5717c37]" started-at="2022-06-12T09:49:07Z" name="user_add_address_without_input_mandatory_fields" finished-at="2022-06-12T09:49:16Z" duration-ms="8650" status="PASS">
          <reporter-output>
          </reporter-output>
        </test-method> <!-- user_add_address_without_input_mandatory_fields -->
        <test-method signature="user_add_address_with_postalCode_exceed_maximum_character()[pri:0, instance:webAutomation.portofolio.negative_case.AddAddress@5717c37]" started-at="2022-06-12T09:49:07Z" name="user_add_address_with_postalCode_exceed_maximum_character" finished-at="2022-06-12T09:49:16Z" duration-ms="9015" status="PASS">
          <reporter-output>
          </reporter-output>
        </test-method> <!-- user_add_address_with_postalCode_exceed_maximum_character -->
        <test-method signature="user_add_address_with_postalCode_below_minimum_character()[pri:0, instance:webAutomation.portofolio.negative_case.AddAddress@5717c37]" started-at="2022-06-12T09:49:07Z" name="user_add_address_with_postalCode_below_minimum_character" finished-at="2022-06-12T09:49:16Z" duration-ms="9019" status="PASS">
          <reporter-output>
          </reporter-output>
        </test-method> <!-- user_add_address_with_postalCode_below_minimum_character -->
        <test-method is-config="true" signature="quitChromeDriver()[pri:0, instance:webAutomation.portofolio.negative_case.AddAddress@5717c37]" started-at="2022-06-12T09:49:16Z" name="quitChromeDriver" finished-at="2022-06-12T09:49:23Z" duration-ms="7625" status="PASS">
          <reporter-output>
          </reporter-output>
        </test-method> <!-- quitChromeDriver -->
        <test-method is-config="true" signature="quitChromeDriver()[pri:0, instance:webAutomation.portofolio.negative_case.AddAddress@5717c37]" started-at="2022-06-12T09:49:16Z" name="quitChromeDriver" finished-at="2022-06-12T09:49:24Z" duration-ms="7228" status="PASS">
          <reporter-output>
          </reporter-output>
        </test-method> <!-- quitChromeDriver -->
        <test-method is-config="true" signature="quitChromeDriver()[pri:0, instance:webAutomation.portofolio.negative_case.AddAddress@5717c37]" started-at="2022-06-12T09:49:16Z" name="quitChromeDriver" finished-at="2022-06-12T09:49:23Z" duration-ms="7082" status="PASS">
          <reporter-output>
          </reporter-output>
        </test-method> <!-- quitChromeDriver -->
      </class> <!-- webAutomation.portofolio.negative_case.AddAddress -->
      <class name="webAutomation.portofolio.negative_case.Login">
        <test-method is-config="true" signature="createChromeDriver()[pri:0, instance:webAutomation.portofolio.negative_case.Login@68f4865]" started-at="2022-06-12T09:49:23Z" name="createChromeDriver" finished-at="2022-06-12T09:49:27Z" duration-ms="3930" status="PASS">
          <reporter-output>
          </reporter-output>
        </test-method> <!-- createChromeDriver -->
        <test-method is-config="true" signature="createChromeDriver()[pri:0, instance:webAutomation.portofolio.negative_case.Login@68f4865]" started-at="2022-06-12T09:49:23Z" name="createChromeDriver" finished-at="2022-06-12T09:49:27Z" duration-ms="3845" status="PASS">
          <reporter-output>
          </reporter-output>
        </test-method> <!-- createChromeDriver -->
        <test-method is-config="true" signature="createChromeDriver()[pri:0, instance:webAutomation.portofolio.negative_case.Login@68f4865]" started-at="2022-06-12T09:49:24Z" name="createChromeDriver" finished-at="2022-06-12T09:49:27Z" duration-ms="3870" status="PASS">
          <reporter-output>
          </reporter-output>
        </test-method> <!-- createChromeDriver -->
        <test-method signature="login_user_with_unregistered_user()[pri:0, instance:webAutomation.portofolio.negative_case.Login@68f4865]" started-at="2022-06-12T09:49:27Z" name="login_user_with_unregistered_user" finished-at="2022-06-12T09:49:32Z" duration-ms="4784" status="PASS">
          <reporter-output>
          </reporter-output>
        </test-method> <!-- login_user_with_unregistered_user -->
        <test-method signature="login_user_with_exceed_login_number_attempt()[pri:0, instance:webAutomation.portofolio.negative_case.Login@68f4865]" started-at="2022-06-12T09:49:27Z" name="login_user_with_exceed_login_number_attempt" finished-at="2022-06-12T09:49:41Z" duration-ms="14064" status="PASS">
          <reporter-output>
          </reporter-output>
        </test-method> <!-- login_user_with_exceed_login_number_attempt -->
        <test-method signature="login_user_with_wrong_password()[pri:0, instance:webAutomation.portofolio.negative_case.Login@68f4865]" started-at="2022-06-12T09:49:27Z" name="login_user_with_wrong_password" finished-at="2022-06-12T09:49:33Z" duration-ms="5249" status="PASS">
          <reporter-output>
          </reporter-output>
        </test-method> <!-- login_user_with_wrong_password -->
        <test-method is-config="true" signature="quitChromeDriver()[pri:0, instance:webAutomation.portofolio.negative_case.Login@68f4865]" started-at="2022-06-12T09:49:32Z" name="quitChromeDriver" finished-at="2022-06-12T09:49:44Z" duration-ms="11620" status="PASS">
          <reporter-output>
          </reporter-output>
        </test-method> <!-- quitChromeDriver -->
        <test-method is-config="true" signature="quitChromeDriver()[pri:0, instance:webAutomation.portofolio.negative_case.Login@68f4865]" started-at="2022-06-12T09:49:33Z" name="quitChromeDriver" finished-at="2022-06-12T09:49:44Z" duration-ms="11123" status="PASS">
          <reporter-output>
          </reporter-output>
        </test-method> <!-- quitChromeDriver -->
        <test-method is-config="true" signature="quitChromeDriver()[pri:0, instance:webAutomation.portofolio.negative_case.Login@68f4865]" started-at="2022-06-12T09:49:41Z" name="quitChromeDriver" finished-at="2022-06-12T09:49:44Z" duration-ms="2249" status="PASS">
          <reporter-output>
          </reporter-output>
        </test-method> <!-- quitChromeDriver -->
      </class> <!-- webAutomation.portofolio.negative_case.Login -->
      <class name="webAutomation.portofolio.positive_case.Register">
        <test-method is-config="true" signature="createChromeDriver()[pri:0, instance:webAutomation.portofolio.positive_case.Register@3406472c]" started-at="2022-06-12T09:48:42Z" name="createChromeDriver" finished-at="2022-06-12T09:48:50Z" duration-ms="8287" status="PASS">
          <reporter-output>
          </reporter-output>
        </test-method> <!-- createChromeDriver -->
        <test-method signature="register_user()[pri:0, instance:webAutomation.portofolio.positive_case.Register@3406472c]" started-at="2022-06-12T09:48:51Z" name="register_user" finished-at="2022-06-12T09:48:57Z" duration-ms="6710" status="PASS">
          <reporter-output>
          </reporter-output>
        </test-method> <!-- register_user -->
        <test-method is-config="true" signature="quitChromeDriver()[pri:0, instance:webAutomation.portofolio.positive_case.Register@3406472c]" started-at="2022-06-12T09:48:57Z" name="quitChromeDriver" finished-at="2022-06-12T09:49:24Z" duration-ms="26241" status="PASS">
          <reporter-output>
          </reporter-output>
        </test-method> <!-- quitChromeDriver -->
      </class> <!-- webAutomation.portofolio.positive_case.Register -->
      <class name="webAutomation.portofolio.positive_case.Login">
        <test-method is-config="true" signature="createChromeDriver()[pri:0, instance:webAutomation.portofolio.positive_case.Login@7357a011]" started-at="2022-06-12T09:48:42Z" name="createChromeDriver" finished-at="2022-06-12T09:48:51Z" duration-ms="8732" status="PASS">
          <reporter-output>
          </reporter-output>
        </test-method> <!-- createChromeDriver -->
        <test-method signature="login_user()[pri:0, instance:webAutomation.portofolio.positive_case.Login@7357a011]" started-at="2022-06-12T09:48:51Z" name="login_user" finished-at="2022-06-12T09:48:57Z" duration-ms="5683" status="PASS">
          <reporter-output>
          </reporter-output>
        </test-method> <!-- login_user -->
        <test-method is-config="true" signature="quitChromeDriver()[pri:0, instance:webAutomation.portofolio.positive_case.Login@7357a011]" started-at="2022-06-12T09:48:57Z" name="quitChromeDriver" finished-at="2022-06-12T09:49:03Z" duration-ms="6584" status="PASS">
          <reporter-output>
          </reporter-output>
        </test-method> <!-- quitChromeDriver -->
      </class> <!-- webAutomation.portofolio.positive_case.Login -->
      <class name="webAutomation.portofolio.negative_case.Register">
        <test-method is-config="true" signature="createChromeDriver()[pri:0, instance:webAutomation.portofolio.negative_case.Register@4816278d]" started-at="2022-06-12T09:49:24Z" name="createChromeDriver" finished-at="2022-06-12T09:49:48Z" duration-ms="24644" status="PASS">
          <reporter-output>
          </reporter-output>
        </test-method> <!-- createChromeDriver -->
        <test-method is-config="true" signature="createChromeDriver()[pri:0, instance:webAutomation.portofolio.negative_case.Register@4816278d]" started-at="2022-06-12T09:49:44Z" name="createChromeDriver" finished-at="2022-06-12T09:49:48Z" duration-ms="4304" status="PASS">
          <reporter-output>
          </reporter-output>
        </test-method> <!-- createChromeDriver -->
        <test-method is-config="true" signature="createChromeDriver()[pri:0, instance:webAutomation.portofolio.negative_case.Register@4816278d]" started-at="2022-06-12T09:49:44Z" name="createChromeDriver" finished-at="2022-06-12T09:49:48Z" duration-ms="4468" status="PASS">
          <reporter-output>
          </reporter-output>
        </test-method> <!-- createChromeDriver -->
        <test-method is-config="true" signature="createChromeDriver()[pri:0, instance:webAutomation.portofolio.negative_case.Register@4816278d]" started-at="2022-06-12T09:49:44Z" name="createChromeDriver" finished-at="2022-06-12T09:49:48Z" duration-ms="3722" status="PASS">
          <reporter-output>
          </reporter-output>
        </test-method> <!-- createChromeDriver -->
        <test-method signature="register_user_with_registered_mail()[pri:0, instance:webAutomation.portofolio.negative_case.Register@4816278d]" started-at="2022-06-12T09:49:48Z" name="register_user_with_registered_mail" finished-at="2022-06-12T09:49:54Z" duration-ms="6836" status="PASS">
          <reporter-output>
          </reporter-output>
        </test-method> <!-- register_user_with_registered_mail -->
        <test-method signature="register_user_with_exceed_character_maximum_first_name()[pri:0, instance:webAutomation.portofolio.negative_case.Register@4816278d]" started-at="2022-06-12T09:49:48Z" name="register_user_with_exceed_character_maximum_first_name" finished-at="2022-06-12T09:49:55Z" duration-ms="6855" status="PASS">
          <reporter-output>
          </reporter-output>
        </test-method> <!-- register_user_with_exceed_character_maximum_first_name -->
        <test-method signature="register_user_with_password_below_minimum_characters()[pri:0, instance:webAutomation.portofolio.negative_case.Register@4816278d]" started-at="2022-06-12T09:49:48Z" name="register_user_with_password_below_minimum_characters" finished-at="2022-06-12T09:49:55Z" duration-ms="6705" status="PASS">
          <reporter-output>
          </reporter-output>
        </test-method> <!-- register_user_with_password_below_minimum_characters -->
        <test-method signature="register_user_with_different_confirm_password()[pri:0, instance:webAutomation.portofolio.negative_case.Register@4816278d]" started-at="2022-06-12T09:49:48Z" name="register_user_with_different_confirm_password" finished-at="2022-06-12T09:49:55Z" duration-ms="6741" status="FAIL">
          <exception class="java.lang.AssertionError">
            <message>
              <![CDATA[expected [true] but found [false]]]>
            </message>
            <full-stacktrace>
              <![CDATA[java.lang.AssertionError: expected [true] but found [false]
at org.testng.Assert.fail(Assert.java:96)
at org.testng.Assert.failNotEquals(Assert.java:776)
at org.testng.Assert.assertTrue(Assert.java:44)
at org.testng.Assert.assertTrue(Assert.java:54)
at webAutomation.portofolio.negative_case.Register.register_user_with_different_confirm_password(Register.java:44)
at java.base/jdk.internal.reflect.NativeMethodAccessorImpl.invoke0(Native Method)
at java.base/jdk.internal.reflect.NativeMethodAccessorImpl.invoke(NativeMethodAccessorImpl.java:77)
at java.base/jdk.internal.reflect.DelegatingMethodAccessorImpl.invoke(DelegatingMethodAccessorImpl.java:43)
at java.base/java.lang.reflect.Method.invoke(Method.java:568)
at org.testng.internal.MethodInvocationHelper.invokeMethod(MethodInvocationHelper.java:124)
at org.testng.internal.Invoker.invokeMethod(Invoker.java:583)
at org.testng.internal.Invoker.invokeTestMethod(Invoker.java:719)
at org.testng.internal.Invoker.invokeTestMethods(Invoker.java:989)
at org.testng.internal.TestMethodWorker.invokeTestMethods(TestMethodWorker.java:125)
at org.testng.internal.TestMethodWorker.run(TestMethodWorker.java:109)
at java.base/java.util.concurrent.ThreadPoolExecutor.runWorker(ThreadPoolExecutor.java:1136)
at java.base/java.util.concurrent.ThreadPoolExecutor$Worker.run(ThreadPoolExecutor.java:635)
at java.base/java.lang.Thread.run(Thread.java:833)
]]>
            </full-stacktrace>
          </exception> <!-- java.lang.AssertionError -->
          <reporter-output>
          </reporter-output>
        </test-method> <!-- register_user_with_different_confirm_password -->
        <test-method is-config="true" signature="quitChromeDriver()[pri:0, instance:webAutomation.portofolio.negative_case.Register@4816278d]" started-at="2022-06-12T09:49:54Z" name="quitChromeDriver" finished-at="2022-06-12T09:50:04Z" duration-ms="9544" status="PASS">
          <reporter-output>
          </reporter-output>
        </test-method> <!-- quitChromeDriver -->
        <test-method is-config="true" signature="quitChromeDriver()[pri:0, instance:webAutomation.portofolio.negative_case.Register@4816278d]" started-at="2022-06-12T09:49:55Z" name="quitChromeDriver" finished-at="2022-06-12T09:50:04Z" duration-ms="9058" status="PASS">
          <reporter-output>
          </reporter-output>
        </test-method> <!-- quitChromeDriver -->
        <test-method is-config="true" signature="quitChromeDriver()[pri:0, instance:webAutomation.portofolio.negative_case.Register@4816278d]" started-at="2022-06-12T09:49:55Z" name="quitChromeDriver" finished-at="2022-06-12T09:50:04Z" duration-ms="9081" status="PASS">
          <reporter-output>
          </reporter-output>
        </test-method> <!-- quitChromeDriver -->
        <test-method is-config="true" signature="quitChromeDriver()[pri:0, instance:webAutomation.portofolio.negative_case.Register@4816278d]" started-at="2022-06-12T09:49:55Z" name="quitChromeDriver" finished-at="2022-06-12T09:50:24Z" duration-ms="29248" status="PASS">
          <reporter-output>
          </reporter-output>
        </test-method> <!-- quitChromeDriver -->
        <test-method is-config="true" signature="createChromeDriver()[pri:0, instance:webAutomation.portofolio.negative_case.Register@4816278d]" started-at="2022-06-12T09:50:04Z" name="createChromeDriver" finished-at="2022-06-12T09:50:08Z" duration-ms="3731" status="PASS">
          <reporter-output>
          </reporter-output>
        </test-method> <!-- createChromeDriver -->
        <test-method is-config="true" signature="createChromeDriver()[pri:0, instance:webAutomation.portofolio.negative_case.Register@4816278d]" started-at="2022-06-12T09:50:04Z" name="createChromeDriver" finished-at="2022-06-12T09:50:08Z" duration-ms="3738" status="PASS">
          <reporter-output>
          </reporter-output>
        </test-method> <!-- createChromeDriver -->
        <test-method is-config="true" signature="createChromeDriver()[pri:0, instance:webAutomation.portofolio.negative_case.Register@4816278d]" started-at="2022-06-12T09:50:04Z" name="createChromeDriver" finished-at="2022-06-12T09:50:08Z" duration-ms="3781" status="PASS">
          <reporter-output>
          </reporter-output>
        </test-method> <!-- createChromeDriver -->
        <test-method signature="register_user_with_telephone_below_minimum_characters()[pri:0, instance:webAutomation.portofolio.negative_case.Register@4816278d]" started-at="2022-06-12T09:50:08Z" name="register_user_with_telephone_below_minimum_characters" finished-at="2022-06-12T09:50:14Z" duration-ms="6010" status="PASS">
          <reporter-output>
          </reporter-output>
        </test-method> <!-- register_user_with_telephone_below_minimum_characters -->
        <test-method signature="register_user_without_check_terms_condition()[pri:0, instance:webAutomation.portofolio.negative_case.Register@4816278d]" started-at="2022-06-12T09:50:08Z" name="register_user_without_check_terms_condition" finished-at="2022-06-12T09:50:14Z" duration-ms="6165" status="PASS">
          <reporter-output>
          </reporter-output>
        </test-method> <!-- register_user_without_check_terms_condition -->
        <test-method signature="register_user_without_input_first_name()[pri:0, instance:webAutomation.portofolio.negative_case.Register@4816278d]" started-at="2022-06-12T09:50:08Z" name="register_user_without_input_first_name" finished-at="2022-06-12T09:50:14Z" duration-ms="6196" status="PASS">
          <reporter-output>
          </reporter-output>
        </test-method> <!-- register_user_without_input_first_name -->
        <test-method is-config="true" signature="quitChromeDriver()[pri:0, instance:webAutomation.portofolio.negative_case.Register@4816278d]" started-at="2022-06-12T09:50:14Z" name="quitChromeDriver" finished-at="2022-06-12T09:50:24Z" duration-ms="10477" status="PASS">
          <reporter-output>
          </reporter-output>
        </test-method> <!-- quitChromeDriver -->
        <test-method is-config="true" signature="quitChromeDriver()[pri:0, instance:webAutomation.portofolio.negative_case.Register@4816278d]" started-at="2022-06-12T09:50:14Z" name="quitChromeDriver" finished-at="2022-06-12T09:50:24Z" duration-ms="10313" status="PASS">
          <reporter-output>
          </reporter-output>
        </test-method> <!-- quitChromeDriver -->
        <test-method is-config="true" signature="quitChromeDriver()[pri:0, instance:webAutomation.portofolio.negative_case.Register@4816278d]" started-at="2022-06-12T09:50:14Z" name="quitChromeDriver" finished-at="2022-06-12T09:50:24Z" duration-ms="10231" status="PASS">
          <reporter-output>
          </reporter-output>
        </test-method> <!-- quitChromeDriver -->
      </class> <!-- webAutomation.portofolio.negative_case.Register -->
      <class name="webAutomation.portofolio.positive_case.AddAddress">
        <test-method is-config="true" signature="createChromeDriver()[pri:0, instance:webAutomation.portofolio.positive_case.AddAddress@2474f125]" started-at="2022-06-12T09:48:42Z" name="createChromeDriver" finished-at="2022-06-12T09:48:52Z" duration-ms="9302" status="PASS">
          <reporter-output>
          </reporter-output>
        </test-method> <!-- createChromeDriver -->
        <test-method signature="user_add_address()[pri:0, instance:webAutomation.portofolio.positive_case.AddAddress@2474f125]" started-at="2022-06-12T09:48:52Z" name="user_add_address" finished-at="2022-06-12T09:49:00Z" duration-ms="8581" status="PASS">
          <reporter-output>
          </reporter-output>
        </test-method> <!-- user_add_address -->
        <test-method is-config="true" signature="quitChromeDriver()[pri:0, instance:webAutomation.portofolio.positive_case.AddAddress@2474f125]" started-at="2022-06-12T09:49:00Z" name="quitChromeDriver" finished-at="2022-06-12T09:49:03Z" duration-ms="3249" status="PASS">
          <reporter-output>
          </reporter-output>
        </test-method> <!-- quitChromeDriver -->
      </class> <!-- webAutomation.portofolio.positive_case.AddAddress -->
    </test> <!-- Test -->
  </suite> <!-- Suite -->
</testng-results>
