<?xml version="1.0" encoding="UTF-8"?>
<testng-results ignored="3" total="4" passed="1" failed="0" skipped="0">
  <reporter-output>
  </reporter-output>
  <suite started-at="2022-06-12T07:32:42Z" name="Default suite" finished-at="2022-06-12T07:33:01Z" duration-ms="19547">
    <groups>
    </groups>
    <test started-at="2022-06-12T07:32:42Z" name="Default test" finished-at="2022-06-12T07:33:01Z" duration-ms="19547">
      <class name="webAutomation.portofolio.negative_case.AddAddress">
        <test-method is-config="true" signature="createChromeDriver()[pri:0, instance:webAutomation.portofolio.negative_case.AddAddress@5f354bcf]" started-at="2022-06-12T07:32:42Z" name="createChromeDriver" finished-at="2022-06-12T07:32:49Z" duration-ms="7007" status="PASS">
          <reporter-output>
          </reporter-output>
        </test-method> <!-- createChromeDriver -->
        <test-method signature="user_add_address_with_postalCode_exceed_maximum_character()[pri:0, instance:webAutomation.portofolio.negative_case.AddAddress@5f354bcf]" started-at="2022-06-12T07:32:49Z" name="user_add_address_with_postalCode_exceed_maximum_character" finished-at="2022-06-12T07:33:01Z" duration-ms="12316" status="PASS">
          <reporter-output>
          </reporter-output>
        </test-method> <!-- user_add_address_with_postalCode_exceed_maximum_character -->
        <test-method is-config="true" signature="quitChromeDriver()[pri:0, instance:webAutomation.portofolio.negative_case.AddAddress@5f354bcf]" started-at="2022-06-12T07:33:01Z" name="quitChromeDriver" finished-at="2022-06-12T07:33:01Z" duration-ms="88" status="PASS">
          <reporter-output>
          </reporter-output>
        </test-method> <!-- quitChromeDriver -->
      </class> <!-- webAutomation.portofolio.negative_case.AddAddress -->
    </test> <!-- Default test -->
  </suite> <!-- Default suite -->
</testng-results>
